{
  level: 'error',
  message: 'error in helper encPassword>>>>',
  error: 'data and hash arguments required',
  timestamp: '2025-11-06 19:01:06'
}
{
  level: 'error',
  message: 'error in helper encPassword>>>>',
  error: 'data and hash arguments required',
  timestamp: '2025-11-06 20:12:36'
}
{
  level: 'error',
  message: 'error in helper encPassword>>>>',
  error: 'data and hash arguments required',
  timestamp: '2025-11-06 20:12:49'
}
{
  level: 'error',
  message: 'error in helper encPassword>>>>',
  error: 'data and hash arguments required',
  timestamp: '2025-11-06 20:13:14'
}
{
  level: 'error',
  message: 'error in helper encPassword>>>>',
  error: 'data and hash arguments required',
  timestamp: '2025-11-06 23:08:11'
}
{
  level: 'error',
  message: 'error in helper encPassword>>>>',
  error: 'data and hash arguments required',
  timestamp: '2025-11-06 23:08:19'
}
{
  level: 'error',
  message: 'error in helper encPassword>>>>',
  error: 'data and hash arguments required',
  timestamp: '2025-11-06 23:08:26'
}
{
  level: 'error',
  message: 'error in helper encPassword>>>>',
  error: 'data and hash arguments required',
  timestamp: '2025-11-06 23:08:30'
}
