{
  level: 'info',
  message: 'Environment variables loaded from .env file',
  timestamp: '2025-11-06 19:00:49'
}
{
  level: 'info',
  message: 'CORS configured to allow requests from http://localhost:3000',
  timestamp: '2025-11-06 19:00:49'
}
{
  level: 'info',
  message: 'Middleware for JSON and URL-encoded data configured',
  timestamp: '2025-11-06 19:00:49'
}
{
  level: 'info',
  message: 'DB Connection Successful',
  timestamp: '2025-11-06 19:00:50'
}
{
  level: 'info',
  message: 'Server Running Fine at http://localhost:8080',
  timestamp: '2025-11-06 19:00:50'
}
{
  level: 'info',
  message: 'Environment variables loaded from .env file',
  timestamp: '2025-11-06 19:01:03'
}
{
  level: 'info',
  message: 'CORS configured to allow requests from http://localhost:3000',
  timestamp: '2025-11-06 19:01:03'
}
{
  level: 'info',
  message: 'Middleware for JSON and URL-encoded data configured',
  timestamp: '2025-11-06 19:01:03'
}
{
  level: 'info',
  message: 'DB Connection Successful',
  timestamp: '2025-11-06 19:01:04'
}
{
  level: 'info',
  message: 'Server Running Fine at http://localhost:8080',
  timestamp: '2025-11-06 19:01:04'
}
{
  level: 'info',
  message: 'user SignupValidator passed >>>',
  timestamp: '2025-11-06 19:01:06'
}
{
  level: 'error',
  message: 'error in helper encPassword>>>>',
  error: 'data and hash arguments required',
  timestamp: '2025-11-06 19:01:06'
}
{
  level: 'info',
  message: 'error in loginController >>>>>',
  error: 'sendResponse is not defined',
  timestamp: '2025-11-06 19:01:06'
}
